生成启动时间为 2019/3/27 16:09:30。
     1>项目“C:\Users\asus\Desktop\-Learning-record\练习题\练习题\练习题.vcxproj”在节点 2 上(Build 个目标)。
     1>ClCompile:
         G:\vs2013\VC\bin\CL.exe /c /ZI /nologo /W3 /WX- /sdl /Od /Oy- /D WIN32 /D _DEBUG /D _CONSOLE /D _LIB /D _UNICODE /D UNICODE /Gm /EHsc /RTC1 /MDd /GS /fp:precise /Zc:wchar_t /Zc:forScope /Fo"Debug\\" /Fd"Debug\vc120.pdb" /Gd /TC /analyze- /errorReport:prompt "练习题.c"
         练习题.c
     1>c:\users\asus\desktop\-learning-record\练习题\练习题\练习题.c(129): warning C4033: “main4”必须返回值
     1>c:\users\asus\desktop\-learning-record\练习题\练习题\练习题.c(221): warning C4047: “!=”:“char *”与“int”的间接级别不同
     1>c:\users\asus\desktop\-learning-record\练习题\练习题\练习题.c(223): warning C4047: “>”:“char [20]”与“int”的间接级别不同
     1>c:\users\asus\desktop\-learning-record\练习题\练习题\练习题.c(223): warning C4047: “<”:“char [20]”与“int”的间接级别不同
     1>c:\users\asus\desktop\-learning-record\练习题\练习题\练习题.c(226): warning C4047: “>”:“char [20]”与“int”的间接级别不同
     1>c:\users\asus\desktop\-learning-record\练习题\练习题\练习题.c(226): warning C4047: “<”:“char [20]”与“int”的间接级别不同
     1>c:\users\asus\desktop\-learning-record\练习题\练习题\练习题.c(229): warning C4047: “>”:“char [20]”与“int”的间接级别不同
     1>c:\users\asus\desktop\-learning-record\练习题\练习题\练习题.c(229): warning C4047: “<”:“char [20]”与“int”的间接级别不同
     1>c:\users\asus\desktop\-learning-record\练习题\练习题\练习题.c(232): warning C4552: “+”: 运算符不起任何作用；应输入带副作用的运算符
     1>c:\users\asus\desktop\-learning-record\练习题\练习题\练习题.c(140): warning C4715: “main4”: 不是所有的控件路径都返回值
       Link:
         G:\vs2013\VC\bin\link.exe /ERRORREPORT:PROMPT /OUT:"C:\Users\asus\Desktop\-Learning-record\练习题\Debug\练习题.exe" /INCREMENTAL /NOLOGO kernel32.lib user32.lib gdi32.lib winspool.lib comdlg32.lib advapi32.lib shell32.lib ole32.lib oleaut32.lib uuid.lib odbc32.lib odbccp32.lib /MANIFEST /MANIFESTUAC:"level='asInvoker' uiAccess='false'" /manifest:embed /DEBUG /PDB:"C:\Users\asus\Desktop\-Learning-record\练习题\Debug\练习题.pdb" /SUBSYSTEM:CONSOLE /TLBID:1 /DYNAMICBASE /NXCOMPAT /IMPLIB:"C:\Users\asus\Desktop\-Learning-record\练习题\Debug\练习题.lib" /MACHINE:X86 "Debug\练习题.obj"
         练习题.vcxproj -> C:\Users\asus\Desktop\-Learning-record\练习题\Debug\练习题.exe
     1>已完成生成项目“C:\Users\asus\Desktop\-Learning-record\练习题\练习题\练习题.vcxproj”(Build 个目标)的操作。

生成成功。

已用时间 00:00:00.33
